<?xml version="1.0" encoding="UTF-8" ?>
<testsuite errors="0" failures="1" hostname="Rafael-PC" name="task.TestTask" skipped="0" tests="1" time="0.118" timestamp="2013-07-11T00:15:22">
  <properties>
[...]
</properties>
  <testcase classname="task.TestTask" name="test" time="0.023">
    <failure message="Not yet implemented" type="junit.framework.AssertionFailedError">junit.framework.AssertionFailedError: Not yet implemented
	at task.TestTask.test(TestTask.java:11)
</failure>
  </testcase>
  <system-out><![CDATA[]]></system-out>
  <system-err><![CDATA[]]></system-err>
</testsuite>
