<?xml version="1.0" encoding="UTF-8" ?>
<testsuite errors="0" failures="0" hostname="Renan-PC" name="model.agendaTest" skipped="0" tests="5" time="0.179" timestamp="2013-06-26T12:39:52">
  <properties>
[...]
</properties>
  <testcase classname="model.agendaTest" name="testaddTelefone" time="0.01" />
  <testcase classname="model.agendaTest" name="testContatoValido" time="0.003" />
  <testcase classname="model.agendaTest" name="testTelefoneValido" time="0.002" />
  <testcase classname="model.agendaTest" name="testBuscaNomeTel" time="0.003" />
  <testcase classname="model.agendaTest" name="testBuscaIdade" time="0.002" />
  <system-out><![CDATA[]]></system-out>
  <system-err><![CDATA[]]></system-err>
</testsuite>
